<?xml version='1.0' encoding='UTF-8' ?>
<testsuites>
  <testsuite name="NexusLowRes-28-en-portrait" tests="0" failures="0" flakes="0" errors="0" skipped="0" time="0.000" timestamp="1970-01-01T00:00:00" hostname="localhost"/>
</testsuites>
