<?xml version='1.0' encoding='UTF-8' ?>
<testsuites>
  <testsuite name="NexusLowRes-28-en-portrait" tests="20" failures="0" flakes="0" errors="0" skipped="0" time="6.359" timestamp="2020-06-11T11:45:09" hostname="localhost">
    <testcase name="testBar" classname="com.example.test_app.bar.BarInstrumentedTest" time="1.064"/>
    <testcase name="clickRightButtonFromMethod(toast, toast) [0]" classname="com.example.test_app.parametrized.EspressoParametrizedMethodTestJUnitParamsRunner" time="0.358"/>
    <testcase name="clickRightButtonFromMethod(alert, alert) [1]" classname="com.example.test_app.parametrized.EspressoParametrizedMethodTestJUnitParamsRunner" time="0.333"/>
    <testcase name="clickRightButtonFromMethod(exception, exception) [2]" classname="com.example.test_app.parametrized.EspressoParametrizedMethodTestJUnitParamsRunner" time="0.434"/>
    <testcase name="clickRightButtonFromAnnotation(toast, toast) [0]" classname="com.example.test_app.parametrized.EspressoParametrizedMethodTestJUnitParamsRunner" time="0.333"/>
    <testcase name="clickRightButtonFromAnnotation(alert, alert) [1]" classname="com.example.test_app.parametrized.EspressoParametrizedMethodTestJUnitParamsRunner" time="0.307"/>
    <testcase name="clickRightButtonFromAnnotation(exception, exception) [2]" classname="com.example.test_app.parametrized.EspressoParametrizedMethodTestJUnitParamsRunner" time="0.308"/>
    <testcase name="test0" classname="com.example.test_app.InstrumentedTest" time="0.334"/>
    <testcase name="test1" classname="com.example.test_app.InstrumentedTest" time="0.308"/>
    <testcase name="test2" classname="com.example.test_app.InstrumentedTest" time="0.312"/>
    <testcase name="clickRightButton[0]" classname="com.example.test_app.parametrized.EspressoParametrizedClassTestParameterized" time="0.308"/>
    <testcase name="clickRightButton[1]" classname="com.example.test_app.parametrized.EspressoParametrizedClassTestParameterized" time="0.308"/>
    <testcase name="clickRightButton[2]" classname="com.example.test_app.parametrized.EspressoParametrizedClassTestParameterized" time="0.308"/>
    <testcase name="testFoo" classname="com.example.test_app.foo.FooInstrumentedTest" time="0.258"/>
    <testcase name="shouldHopefullyPass[0]" classname="com.example.test_app.ParameterizedTest" time="0.081"/>
    <testcase name="shouldHopefullyPass[1]" classname="com.example.test_app.ParameterizedTest" time="0.081"/>
    <testcase name="shouldHopefullyPass[2]" classname="com.example.test_app.ParameterizedTest" time="0.081"/>
    <testcase name="clickRightButton[0: toast toast]" classname="com.example.test_app.parametrized.EspressoParametrizedClassParameterizedNamed" time="0.308"/>
    <testcase name="clickRightButton[1: alert alert]" classname="com.example.test_app.parametrized.EspressoParametrizedClassParameterizedNamed" time="0.258"/>
    <testcase name="clickRightButton[2: exception exception]" classname="com.example.test_app.parametrized.EspressoParametrizedClassParameterizedNamed" time="0.282"/>
  </testsuite>
</testsuites>
