<?xml version='1.0' encoding='UTF-8' ?>
<testsuites>
  <testsuite name="NexusLowRes-28-en-portrait" tests="5" failures="0" flakes="0" errors="0" skipped="0" time="1.469" timestamp="2020-06-10T18:12:38" hostname="localhost">
    <testcase name="test1" classname="com.example.test_app.InstrumentedTest" time="1.042"/>
    <testcase name="test2" classname="com.example.test_app.InstrumentedTest" time="0.258"/>
    <testcase name="shouldHopefullyPass[0]" classname="com.example.test_app.ParameterizedTest" time="0.056"/>
    <testcase name="shouldHopefullyPass[1]" classname="com.example.test_app.ParameterizedTest" time="0.056"/>
    <testcase name="shouldHopefullyPass[2]" classname="com.example.test_app.ParameterizedTest" time="0.056"/>
  </testsuite>
  <testsuite name="NexusLowRes-28-en-portrait" tests="3" failures="0" flakes="0" errors="0" skipped="0" time="2.015" timestamp="2020-06-10T18:12:45" hostname="localhost">
    <testcase name="testBar" classname="com.example.test_app.bar.BarInstrumentedTest" time="1.226"/>
    <testcase name="test0" classname="com.example.test_app.InstrumentedTest" time="0.395"/>
    <testcase name="testFoo" classname="com.example.test_app.foo.FooInstrumentedTest" time="0.395"/>
  </testsuite>
</testsuites>
