<?xml version='1.0' encoding='UTF-8' ?>
<testsuites>
  <testsuite name="NexusLowRes-28-en-portrait" tests="20" failures="0" flakes="0" errors="0" skipped="0" time="6.212" timestamp="2020-06-12T10:49:15" hostname="localhost">
    <testcase name="testBar" classname="com.example.test_app.bar.BarInstrumentedTest" time="1.309"/>
    <testcase name="clickRightButtonFromMethod(toast, toast) [0]" classname="com.example.test_app.parametrized.EspressoParametrizedMethodTestJUnitParamsRunner" time="0.376"/>
    <testcase name="clickRightButtonFromMethod(alert, alert) [1]" classname="com.example.test_app.parametrized.EspressoParametrizedMethodTestJUnitParamsRunner" time="0.326"/>
    <testcase name="clickRightButtonFromMethod(exception, exception) [2]" classname="com.example.test_app.parametrized.EspressoParametrizedMethodTestJUnitParamsRunner" time="0.275"/>
    <testcase name="clickRightButtonFromAnnotation(toast, toast) [0]" classname="com.example.test_app.parametrized.EspressoParametrizedMethodTestJUnitParamsRunner" time="0.275"/>
    <testcase name="clickRightButtonFromAnnotation(alert, alert) [1]" classname="com.example.test_app.parametrized.EspressoParametrizedMethodTestJUnitParamsRunner" time="0.325"/>
    <testcase name="clickRightButtonFromAnnotation(exception, exception) [2]" classname="com.example.test_app.parametrized.EspressoParametrizedMethodTestJUnitParamsRunner" time="0.301"/>
    <testcase name="test0" classname="com.example.test_app.InstrumentedTest" time="0.300"/>
    <testcase name="test1" classname="com.example.test_app.InstrumentedTest" time="0.249"/>
    <testcase name="test2" classname="com.example.test_app.InstrumentedTest" time="0.275"/>
    <testcase name="clickRightButton[0]" classname="com.example.test_app.parametrized.EspressoParametrizedClassTestParameterized" time="0.325"/>
    <testcase name="clickRightButton[1]" classname="com.example.test_app.parametrized.EspressoParametrizedClassTestParameterized" time="0.325"/>
    <testcase name="clickRightButton[2]" classname="com.example.test_app.parametrized.EspressoParametrizedClassTestParameterized" time="0.274"/>
    <testcase name="testFoo" classname="com.example.test_app.foo.FooInstrumentedTest" time="0.274"/>
    <testcase name="shouldHopefullyPass[0]" classname="com.example.test_app.ParameterizedTest" time="0.099"/>
    <testcase name="shouldHopefullyPass[1]" classname="com.example.test_app.ParameterizedTest" time="0.073"/>
    <testcase name="shouldHopefullyPass[2]" classname="com.example.test_app.ParameterizedTest" time="0.073"/>
    <testcase name="clickRightButton[0: toast toast]" classname="com.example.test_app.parametrized.EspressoParametrizedClassParameterizedNamed" time="0.249"/>
    <testcase name="clickRightButton[1: alert alert]" classname="com.example.test_app.parametrized.EspressoParametrizedClassParameterizedNamed" time="0.250"/>
    <testcase name="clickRightButton[2: exception exception]" classname="com.example.test_app.parametrized.EspressoParametrizedClassParameterizedNamed" time="0.250"/>
  </testsuite>
</testsuites>
