<?xml version='1.0' encoding='UTF-8' ?>
<testsuites>
  <testsuite name="NexusLowRes-28-en-portrait" tests="11" failures="0" flakes="0" errors="0" skipped="0" time="2.938" timestamp="2020-06-10T23:24:54" hostname="localhost">
    <testcase name="testBar" classname="com.example.test_app.bar.BarInstrumentedTest" time="0.999"/>
    <testcase name="test0" classname="com.example.test_app.InstrumentedTest" time="0.245"/>
    <testcase name="test1" classname="com.example.test_app.InstrumentedTest" time="0.219"/>
    <testcase name="test2" classname="com.example.test_app.InstrumentedTest" time="0.270"/>
    <testcase name="clickRightButton[0]" classname="com.example.test_app.parametrized.EspressoParametrizedClassTestParameterized" time="0.320"/>
    <testcase name="clickRightButton[1]" classname="com.example.test_app.parametrized.EspressoParametrizedClassTestParameterized" time="0.245"/>
    <testcase name="clickRightButton[2]" classname="com.example.test_app.parametrized.EspressoParametrizedClassTestParameterized" time="0.169"/>
    <testcase name="shouldHopefullyPass[0]" classname="com.example.test_app.ParameterizedTest" time="0.068"/>
    <testcase name="shouldHopefullyPass[1]" classname="com.example.test_app.ParameterizedTest" time="0.068"/>
    <testcase name="shouldHopefullyPass[2]" classname="com.example.test_app.ParameterizedTest" time="0.068"/>
    <testcase name="testFoo" classname="com.example.test_app.foo.FooInstrumentedTest" time="0.269"/>
  </testsuite>
</testsuites>
