<?xml version='1.0' encoding='UTF-8' ?>
<testsuites>
  <testsuite name="NexusLowRes-28-en-portrait" tests="3" failures="0" flakes="0" errors="0" skipped="0" time="6.039" timestamp="2020-06-10T17:48:36" hostname="localhost">
    <testcase name="testBar" classname="com.example.test_app.bar.BarInstrumentedTest" time="2.139"/>
    <testcase name="test0" classname="com.example.test_app.InstrumentedTest" time="1.988"/>
    <testcase name="testFoo" classname="com.example.test_app.foo.FooInstrumentedTest" time="1.913"/>
  </testsuite>
  <testsuite name="NexusLowRes-28-en-portrait" tests="2" failures="0" flakes="0" errors="0" skipped="0" time="6.801" timestamp="2020-06-10T17:48:29" hostname="localhost">
    <testcase name="test1" classname="com.example.test_app.InstrumentedTest" time="3.489"/>
    <testcase name="test2" classname="com.example.test_app.InstrumentedTest" time="3.312"/>
  </testsuite>
</testsuites>
