<?xml version='1.0' encoding='UTF-8' ?>
<testsuites>
  <testsuite name="NexusLowRes-28-en-portrait" tests="20" failures="0" flakes="0" errors="0" skipped="0" time="6.419" timestamp="2020-06-11T11:45:13" hostname="localhost">
    <testcase name="testBar" classname="com.example.test_app.bar.BarInstrumentedTest" time="1.135"/>
    <testcase name="clickRightButtonFromMethod(toast, toast) [0]" classname="com.example.test_app.parametrized.EspressoParametrizedMethodTestJUnitParamsRunner" time="0.303"/>
    <testcase name="clickRightButtonFromMethod(alert, alert) [1]" classname="com.example.test_app.parametrized.EspressoParametrizedMethodTestJUnitParamsRunner" time="0.378"/>
    <testcase name="clickRightButtonFromMethod(exception, exception) [2]" classname="com.example.test_app.parametrized.EspressoParametrizedMethodTestJUnitParamsRunner" time="0.306"/>
    <testcase name="clickRightButtonFromAnnotation(toast, toast) [0]" classname="com.example.test_app.parametrized.EspressoParametrizedMethodTestJUnitParamsRunner" time="0.378"/>
    <testcase name="clickRightButtonFromAnnotation(alert, alert) [1]" classname="com.example.test_app.parametrized.EspressoParametrizedMethodTestJUnitParamsRunner" time="0.354"/>
    <testcase name="clickRightButtonFromAnnotation(exception, exception) [2]" classname="com.example.test_app.parametrized.EspressoParametrizedMethodTestJUnitParamsRunner" time="0.328"/>
    <testcase name="test0" classname="com.example.test_app.InstrumentedTest" time="0.227"/>
    <testcase name="test1" classname="com.example.test_app.InstrumentedTest" time="0.327"/>
    <testcase name="test2" classname="com.example.test_app.InstrumentedTest" time="0.278"/>
    <testcase name="clickRightButton[0]" classname="com.example.test_app.parametrized.EspressoParametrizedClassTestParameterized" time="0.353"/>
    <testcase name="clickRightButton[1]" classname="com.example.test_app.parametrized.EspressoParametrizedClassTestParameterized" time="0.328"/>
    <testcase name="clickRightButton[2]" classname="com.example.test_app.parametrized.EspressoParametrizedClassTestParameterized" time="0.353"/>
    <testcase name="testFoo" classname="com.example.test_app.foo.FooInstrumentedTest" time="0.304"/>
    <testcase name="shouldHopefullyPass[0]" classname="com.example.test_app.ParameterizedTest" time="0.076"/>
    <testcase name="shouldHopefullyPass[1]" classname="com.example.test_app.ParameterizedTest" time="0.076"/>
    <testcase name="shouldHopefullyPass[2]" classname="com.example.test_app.ParameterizedTest" time="0.076"/>
    <testcase name="clickRightButton[0: toast toast]" classname="com.example.test_app.parametrized.EspressoParametrizedClassParameterizedNamed" time="0.303"/>
    <testcase name="clickRightButton[1: alert alert]" classname="com.example.test_app.parametrized.EspressoParametrizedClassParameterizedNamed" time="0.278"/>
    <testcase name="clickRightButton[2: exception exception]" classname="com.example.test_app.parametrized.EspressoParametrizedClassParameterizedNamed" time="0.252"/>
  </testsuite>
</testsuites>
