<?xml version='1.0' encoding='UTF-8' ?>
<testsuites>
  <testsuite name="NexusLowRes-28-en-portrait" tests="3" failures="0" flakes="0" errors="0" skipped="0" time="6.674" timestamp="2020-06-10T17:48:39" hostname="localhost">
    <testcase name="test1" classname="com.example.test_app.InstrumentedTest" time="2.325"/>
    <testcase name="test2" classname="com.example.test_app.InstrumentedTest" time="2.174"/>
    <testcase name="testFoo" classname="com.example.test_app.foo.FooInstrumentedTest" time="2.175"/>
  </testsuite>
  <testsuite name="NexusLowRes-28-en-portrait" tests="2" failures="0" flakes="0" errors="0" skipped="0" time="6.731" timestamp="2020-06-10T17:48:42" hostname="localhost">
    <testcase name="testBar" classname="com.example.test_app.bar.BarInstrumentedTest" time="3.453"/>
    <testcase name="test0" classname="com.example.test_app.InstrumentedTest" time="3.278"/>
  </testsuite>
</testsuites>
